2020-02-19 20:01:03,568 : start....
2020-02-20 12:29:47,531 : start....
2020-02-20 12:29:50,784 : Init: HR = 0.0967, NDCG = 0.0525
2020-02-20 12:30:19,072 : Epoch 1: HR = 0.1347, NDCG = 0.0661, loss = 0.6573
2020-02-20 12:30:48,917 : Epoch 2: HR = 0.1347, NDCG = 0.0644, loss = 0.5629
2020-02-20 12:31:21,790 : Epoch 3: HR = 0.1416, NDCG = 0.0612, loss = 0.5641
2020-02-20 12:31:52,383 : Epoch 4: HR = 0.0017, NDCG = 0.0006, loss = nan
2020-02-20 12:32:23,792 : Epoch 5: HR = 0.0017, NDCG = 0.0006, loss = nan
2020-02-20 12:32:53,853 : Epoch 6: HR = 0.0017, NDCG = 0.0006, loss = nan
2020-02-20 12:33:24,240 : Epoch 7: HR = 0.0017, NDCG = 0.0006, loss = nan
2020-02-20 12:33:54,825 : Epoch 8: HR = 0.0017, NDCG = 0.0006, loss = nan
2020-02-20 12:34:24,875 : Epoch 9: HR = 0.0017, NDCG = 0.0006, loss = nan
2020-02-20 12:34:54,927 : Epoch 10: HR = 0.0017, NDCG = 0.0006, loss = nan
2020-02-20 12:34:54,927 : Best epoch 3: HR = 0.1416, NDCG = 0.0612
2020-02-20 12:50:27,621 : start....
2020-02-20 12:50:32,689 : Init: HR = 0.0933, NDCG = 0.0506
2020-02-20 12:50:52,190 : Epoch 1: HR = 0.0017, NDCG = 0.0017, loss = 1.3871
2020-02-20 12:51:10,286 : Epoch 2: HR = 0.1123, NDCG = 0.0608, loss = 0.8282
2020-02-20 12:51:29,293 : Epoch 3: HR = 0.1244, NDCG = 0.0655, loss = 0.5623
2020-02-20 12:51:47,873 : Epoch 4: HR = 0.1330, NDCG = 0.0693, loss = 0.5360
2020-02-20 12:52:09,425 : Epoch 5: HR = 0.1278, NDCG = 0.0666, loss = 0.5078
2020-02-20 12:52:27,802 : Epoch 6: HR = 0.1244, NDCG = 0.0670, loss = 0.5096
2020-02-20 12:52:45,691 : Epoch 7: HR = 0.1399, NDCG = 0.0757, loss = 0.4994
2020-02-20 12:53:05,082 : Epoch 8: HR = 0.1382, NDCG = 0.0708, loss = 0.4907
2020-02-20 12:53:24,272 : Epoch 9: HR = 0.1244, NDCG = 0.0671, loss = 0.4939
2020-02-20 12:53:42,293 : Epoch 10: HR = 0.1278, NDCG = 0.0663, loss = 0.4869
2020-02-20 12:53:42,294 : Best epoch 7: HR = 0.1399, NDCG = 0.0757
2020-02-20 13:28:47,975 : start....
2020-02-20 13:28:50,899 : Init: HR = 0.0933, NDCG = 0.0506
2020-02-20 13:29:02,262 : Epoch 1: HR = 0.1313, NDCG = 0.0698, loss = 1.2645
2020-02-20 13:29:14,972 : Epoch 2: HR = 0.1295, NDCG = 0.0656, loss = 1.1288
2020-02-20 13:29:27,578 : Epoch 3: HR = 0.1140, NDCG = 0.0523, loss = 1.0937
2020-02-20 13:29:40,579 : Epoch 4: HR = 0.1071, NDCG = 0.0422, loss = 1.1227
2020-02-20 13:29:51,036 : Epoch 5: HR = 0.1209, NDCG = 0.0582, loss = 1.1082
2020-02-20 13:30:01,383 : Epoch 6: HR = 0.1244, NDCG = 0.0568, loss = 1.1061
2020-02-20 13:30:11,951 : Epoch 7: HR = 0.1313, NDCG = 0.0554, loss = 1.0879
2020-02-20 13:30:22,650 : Epoch 8: HR = 0.0829, NDCG = 0.0326, loss = 1.0929
2020-02-20 13:30:33,489 : Epoch 9: HR = 0.0017, NDCG = 0.0006, loss = nan
2020-02-20 13:30:43,915 : Epoch 10: HR = 0.0017, NDCG = 0.0006, loss = nan
2020-02-20 13:30:43,915 : Best epoch 1: HR = 0.1313, NDCG = 0.0698
2020-02-20 13:31:23,135 : start....
2020-02-20 13:31:26,083 : Init: HR = 0.0691, NDCG = 0.0311
2020-02-20 13:31:39,121 : Epoch 1: HR = 0.1295, NDCG = 0.0662, loss = 1.2413
2020-02-20 13:31:51,505 : Epoch 2: HR = 0.1382, NDCG = 0.0723, loss = 1.1434
2020-02-20 13:32:03,056 : Epoch 3: HR = 0.1468, NDCG = 0.0789, loss = 1.1343
2020-02-20 13:32:16,403 : Epoch 4: HR = 0.1244, NDCG = 0.0568, loss = 1.0833
2020-02-20 13:32:28,633 : Epoch 5: HR = 0.1399, NDCG = 0.0660, loss = 1.1095
2020-02-20 13:32:41,553 : Epoch 6: HR = 0.1399, NDCG = 0.0766, loss = 1.1207
2020-02-20 13:32:55,927 : Epoch 7: HR = 0.1347, NDCG = 0.0699, loss = 1.0773
2020-02-20 13:33:11,083 : Epoch 8: HR = 0.1209, NDCG = 0.0554, loss = 1.0583
2020-02-20 13:33:24,752 : Epoch 9: HR = 0.1399, NDCG = 0.0743, loss = 1.1116
2020-02-20 13:33:36,367 : Epoch 10: HR = 0.1295, NDCG = 0.0679, loss = 1.0986
2020-02-20 13:33:36,367 : Best epoch 3: HR = 0.1468, NDCG = 0.0789
2020-03-07 15:22:28,097 : start....
2020-03-07 15:22:31,262 : Init: HR = 0.0691, NDCG = 0.0311
2020-03-07 15:22:43,744 : Epoch 1: HR = 0.1416, NDCG = 0.0785, loss = 1.2732
2020-03-07 15:41:33,598 : start....
2020-03-07 15:43:03,430 : Init: HR = 0.0198, NDCG = 0.0092
2020-03-07 15:45:18,308 : start....
2020-03-07 15:47:31,605 : start....
2020-03-07 15:47:36,144 : Init: HR = 0.1071, NDCG = 0.0496
2020-03-07 15:47:49,462 : Epoch 1: HR = 0.1382, NDCG = 0.0756, loss = 5.9664
2020-03-07 15:48:01,710 : Epoch 2: HR = 0.1451, NDCG = 0.0735, loss = 5.3196
2020-03-07 15:48:16,145 : Epoch 3: HR = 0.1226, NDCG = 0.0532, loss = 4.9617
2020-03-07 15:48:29,773 : Epoch 4: HR = 0.1295, NDCG = 0.0572, loss = 5.0137
2020-03-07 15:48:41,949 : Epoch 5: HR = 0.0743, NDCG = 0.0323, loss = 5.3762
2020-03-07 15:48:54,198 : Epoch 6: HR = 0.1244, NDCG = 0.0537, loss = 5.2548
2020-03-07 15:49:06,963 : Epoch 7: HR = 0.1382, NDCG = 0.0562, loss = 5.0458
2020-03-07 15:49:20,258 : Epoch 8: HR = 0.1105, NDCG = 0.0500, loss = 5.0607
2020-03-07 15:49:33,584 : Epoch 9: HR = 0.1416, NDCG = 0.0638, loss = 4.9438
2020-03-07 15:49:46,406 : Epoch 10: HR = 0.1226, NDCG = 0.0609, loss = 4.8115
2020-03-07 15:49:46,406 : Best epoch 2: HR = 0.1451, NDCG = 0.0735
2020-03-07 15:57:50,363 : start....
2020-03-08 12:59:15,392 : start....
2020-03-08 13:00:31,487 : start....
2020-03-08 13:04:56,265 : start....
2020-03-08 14:45:25,851 : start....
2020-03-08 14:49:02,776 : start....
2020-03-08 14:49:06,651 : Init: HR = 0.1071, NDCG = 0.0496
2020-03-08 14:50:26,247 : start....
2020-03-08 14:53:43,316 : start....
2020-03-08 14:56:44,453 : Init: HR = 0.1786, NDCG = 0.0867
2020-03-08 15:10:20,229 : Epoch 1: HR = 0.3651, NDCG = 0.2146, loss = 4.8711
2020-03-08 15:23:42,948 : Epoch 2: HR = 0.3703, NDCG = 0.2162, loss = 4.5198
2020-03-08 15:36:15,087 : Epoch 3: HR = 0.3981, NDCG = 0.2412, loss = 4.3517
2020-03-08 15:48:25,107 : Epoch 4: HR = 0.3866, NDCG = 0.2275, loss = 4.2683
2020-03-08 16:00:34,989 : Epoch 5: HR = 0.4145, NDCG = 0.2455, loss = 4.2010
2020-03-08 16:12:46,406 : Epoch 6: HR = 0.4149, NDCG = 0.2430, loss = 4.1754
2020-03-08 16:25:04,951 : Epoch 7: HR = 0.4236, NDCG = 0.2485, loss = 4.1492
2020-03-08 16:37:25,847 : Epoch 8: HR = 0.4230, NDCG = 0.2491, loss = 4.1750
2020-03-08 16:49:42,590 : Epoch 9: HR = 0.4284, NDCG = 0.2534, loss = 4.1413
2020-03-08 17:02:00,511 : Epoch 10: HR = 0.4143, NDCG = 0.2470, loss = 4.1150
2020-03-08 17:02:00,511 : Best epoch 9: HR = 0.4284, NDCG = 0.2534
2020-03-08 18:04:36,013 : start....
2020-03-08 18:04:41,006 : Init: HR = 0.0829, NDCG = 0.0431
2020-03-08 18:04:58,585 : Epoch 1: HR = 0.1209, NDCG = 0.0618, loss = 5.6826
2020-03-08 18:05:16,266 : Epoch 2: HR = 0.1554, NDCG = 0.0785, loss = 5.0326
2020-03-08 18:05:33,218 : Epoch 3: HR = 0.1192, NDCG = 0.0581, loss = 4.7801
2020-03-08 18:05:50,133 : Epoch 4: HR = 0.1054, NDCG = 0.0564, loss = 5.1715
2020-03-08 18:06:08,630 : Epoch 5: HR = 0.1140, NDCG = 0.0523, loss = 4.8877
2020-03-08 18:06:26,702 : Epoch 6: HR = 0.1382, NDCG = 0.0698, loss = 4.7206
2020-03-08 18:06:44,138 : Epoch 7: HR = 0.0000, NDCG = 0.0000, loss = nan
2020-03-08 18:07:01,292 : Epoch 8: HR = 0.0000, NDCG = 0.0000, loss = nan
2020-03-08 18:07:18,470 : Epoch 9: HR = 0.0000, NDCG = 0.0000, loss = nan
2020-03-08 18:07:35,568 : Epoch 10: HR = 0.0000, NDCG = 0.0000, loss = nan
2020-03-08 18:07:35,568 : Best epoch 2: HR = 0.1554, NDCG = 0.0785
2020-03-08 18:14:49,052 : start....
2020-03-08 18:14:53,250 : Init: HR = 0.0829, NDCG = 0.0431
2020-03-08 18:15:11,576 : Epoch 1: HR = 0.1226, NDCG = 0.0527, loss = 5.6512
2020-03-08 18:15:29,274 : Epoch 2: HR = 0.1295, NDCG = 0.0588, loss = 4.9598
2020-03-08 18:15:47,432 : Epoch 3: HR = 0.0000, NDCG = 0.0000, loss = nan
2020-03-08 18:16:06,261 : Epoch 4: HR = 0.0000, NDCG = 0.0000, loss = nan
2020-03-08 18:16:24,717 : Epoch 5: HR = 0.0000, NDCG = 0.0000, loss = nan
2020-03-08 18:16:44,891 : Epoch 6: HR = 0.0000, NDCG = 0.0000, loss = nan
2020-03-08 18:17:05,230 : Epoch 7: HR = 0.0000, NDCG = 0.0000, loss = nan
2020-03-08 18:17:23,241 : Epoch 8: HR = 0.0000, NDCG = 0.0000, loss = nan
2020-03-08 18:17:42,614 : Epoch 9: HR = 0.0000, NDCG = 0.0000, loss = nan
2020-03-08 18:18:01,396 : Epoch 10: HR = 0.0000, NDCG = 0.0000, loss = nan
2020-03-08 18:18:01,396 : Best epoch 2: HR = 0.1295, NDCG = 0.0588
2020-03-08 18:18:14,525 : start....
2020-03-08 18:18:19,271 : Init: HR = 0.1071, NDCG = 0.0496
2020-03-08 18:18:32,582 : Epoch 1: HR = 0.1330, NDCG = 0.0718, loss = 5.9071
2020-03-08 18:18:44,887 : Epoch 2: HR = 0.1416, NDCG = 0.0791, loss = 5.2064
2020-03-08 18:18:56,932 : Epoch 3: HR = 0.1347, NDCG = 0.0661, loss = 4.9464
2020-03-08 18:19:10,649 : Epoch 4: HR = 0.1071, NDCG = 0.0482, loss = 5.0060
2020-03-08 18:19:28,698 : Epoch 5: HR = 0.1036, NDCG = 0.0480, loss = 4.7603
2020-03-08 18:19:43,526 : Epoch 6: HR = 0.1313, NDCG = 0.0662, loss = 4.5389
2020-03-08 18:19:57,032 : Epoch 7: HR = 0.1347, NDCG = 0.0645, loss = 4.7442
2020-03-08 18:20:10,443 : Epoch 8: HR = 0.1192, NDCG = 0.0552, loss = 4.5606
2020-03-08 18:20:23,301 : Epoch 9: HR = 0.1434, NDCG = 0.0742, loss = 4.5283
2020-03-08 18:20:36,734 : Epoch 10: HR = 0.1399, NDCG = 0.0727, loss = 4.4964
2020-03-08 18:20:36,734 : Best epoch 9: HR = 0.1434, NDCG = 0.0742
2020-03-08 18:34:42,035 : start....
2020-03-08 18:34:46,852 : Init: HR = 0.1071, NDCG = 0.0496
2020-03-08 18:35:01,452 : Epoch 1: HR = 0.1261, NDCG = 0.0589, loss = 5.8154
2020-03-08 18:35:22,985 : start....
2020-03-08 18:49:20,487 : start....
2020-03-08 18:53:09,873 : Init: HR = 0.1071, NDCG = 0.0496
2020-03-08 18:54:39,234 : start....
2020-03-08 18:55:47,217 : start....
2020-03-08 18:56:22,220 : start....
2020-03-08 18:57:39,905 : start....
2020-03-08 18:57:50,580 : Init: HR = 0.1071, NDCG = 0.0496
2020-03-08 18:58:10,215 : Epoch 1: HR = 0.1278, NDCG = 0.0724, loss = 5.9146
2020-03-08 18:58:28,377 : Epoch 2: HR = 0.1192, NDCG = 0.0579, loss = 4.9220
2020-03-08 18:58:48,099 : Epoch 3: HR = 0.1330, NDCG = 0.0598, loss = 4.7758
2020-03-08 18:59:07,039 : Epoch 4: HR = 0.1071, NDCG = 0.0476, loss = 4.8188
2020-03-08 18:59:26,186 : Epoch 5: HR = 0.0950, NDCG = 0.0380, loss = 4.5750
2020-03-08 18:59:44,786 : Epoch 6: HR = 0.1244, NDCG = 0.0583, loss = 4.3954
2020-03-08 19:00:03,063 : Epoch 7: HR = 0.1244, NDCG = 0.0539, loss = 4.4729
2020-03-08 19:00:21,607 : Epoch 8: HR = 0.1209, NDCG = 0.0542, loss = 4.2552
2020-03-08 19:00:40,139 : Epoch 9: HR = 0.1157, NDCG = 0.0517, loss = 4.2551
2020-03-08 19:00:58,290 : Epoch 10: HR = 0.1226, NDCG = 0.0555, loss = 4.4184
2020-03-08 19:00:58,290 : Best epoch 3: HR = 0.1330, NDCG = 0.0598
2020-03-08 19:10:48,769 : start....
2020-03-08 19:10:52,643 : Init: HR = 0.1071, NDCG = 0.0496
2020-03-08 19:11:06,377 : Epoch 1: HR = 0.1554, NDCG = 0.0756, loss = 5.5639
2020-03-08 19:11:19,759 : Epoch 2: HR = 0.1054, NDCG = 0.0494, loss = 5.0264
2020-03-08 19:11:34,375 : Epoch 3: HR = 0.1399, NDCG = 0.0637, loss = 4.8347
2020-03-08 19:11:49,475 : Epoch 4: HR = 0.1485, NDCG = 0.0633, loss = 4.7343
2020-03-08 19:12:04,389 : Epoch 5: HR = 0.1123, NDCG = 0.0534, loss = 4.5107
2020-03-08 19:12:17,804 : Epoch 6: HR = 0.1330, NDCG = 0.0622, loss = 4.4962
2020-03-08 19:12:31,582 : Epoch 7: HR = 0.1572, NDCG = 0.0712, loss = 4.3464
2020-03-08 19:12:45,903 : Epoch 8: HR = 0.1693, NDCG = 0.0889, loss = 4.3586
2020-03-08 19:12:58,860 : Epoch 9: HR = 0.1675, NDCG = 0.0801, loss = 4.2470
2020-03-08 19:13:12,673 : Epoch 10: HR = 0.1641, NDCG = 0.0777, loss = 4.2932
2020-03-08 19:13:12,674 : Best epoch 8: HR = 0.1693, NDCG = 0.0889
2020-03-09 11:00:01,122 : start....
2020-03-09 11:00:05,445 : Init: HR = 0.1071, NDCG = 0.0496
2020-03-09 11:00:19,155 : Epoch 1: HR = 0.1572, NDCG = 0.0843, loss = 5.8453
2020-03-09 11:00:31,243 : Epoch 2: HR = 0.1261, NDCG = 0.0691, loss = 5.0948
2020-03-09 11:00:43,818 : Epoch 3: HR = 0.0864, NDCG = 0.0408, loss = 4.8766
2020-03-09 11:00:57,091 : Epoch 4: HR = 0.1485, NDCG = 0.0725, loss = 5.1144
2020-03-09 11:21:30,773 : start....
2020-03-09 11:24:58,049 : start....
2020-03-09 11:44:32,189 : start....
2020-03-09 11:45:31,083 : start....
2020-03-09 11:50:36,573 : start....
2020-03-09 11:54:17,175 : start....
2020-03-09 12:10:06,521 : start....
2020-03-09 12:11:01,715 : start....
2020-03-09 12:15:36,142 : start....
2020-03-09 12:17:48,006 : start....
2020-03-09 12:18:39,915 : start....
2020-03-09 12:21:22,137 : start....
2020-03-09 12:22:23,218 : Init: HR = 0.1071, NDCG = 0.0496
2020-03-09 12:24:00,198 : start....
2020-03-09 12:24:36,819 : start....
2020-03-09 12:25:53,189 : start....
2020-03-09 12:31:16,720 : start....
2020-03-09 12:34:17,574 : start....
2020-03-09 12:36:12,066 : start....
2020-03-09 12:36:44,879 : start....
2020-03-09 12:38:39,579 : start....
2020-03-09 12:39:09,224 : start....
2020-03-09 12:39:54,277 : start....
2020-03-09 12:43:53,077 : start....
2020-03-09 12:54:25,571 : start....
2020-03-09 12:54:49,495 : start....
2020-03-09 12:55:01,885 : start....
2020-03-09 12:59:08,501 : start....
2020-03-09 12:59:56,349 : start....
2020-03-09 13:12:41,064 : start....
2020-03-09 13:13:35,027 : start....
2020-03-09 13:20:20,871 : start....
2020-03-09 13:40:51,799 : start....
2020-03-09 13:41:24,727 : start....
2020-03-09 13:42:23,657 : start....
2020-03-09 13:42:43,212 : start....
2020-03-09 13:44:59,415 : start....
2020-03-09 13:46:00,916 : start....
2020-03-09 14:07:31,743 : start....
2020-03-09 14:07:38,049 : Init: HR = 0.1071, NDCG = 0.0496
2020-03-09 14:12:21,439 : start....
2020-03-09 14:24:02,616 : start....
2020-03-09 14:28:41,434 : start....
2020-03-09 14:30:23,088 : start....
2020-03-09 14:32:12,391 : start....
2020-03-09 14:32:55,698 : start....
2020-03-09 14:35:44,500 : start....
2020-03-09 14:37:35,921 : start....
2020-03-09 14:41:00,119 : start....
2020-03-09 14:42:16,452 : start....
2020-03-09 14:43:29,843 : start....
2020-03-09 14:43:51,611 : start....
2020-03-09 14:44:44,087 : start....
2020-03-09 16:23:31,997 : start....
2020-03-09 16:24:04,253 : start....
2020-03-09 16:26:02,457 : start....
2020-03-09 16:26:31,168 : start....
2020-03-09 16:28:22,314 : start....
2020-03-09 16:28:54,289 : start....
2020-03-09 16:29:56,216 : Init: HR = 0.1071, NDCG = 0.0496
2020-03-09 16:43:16,508 : start....
2020-03-09 16:43:38,910 : start....
2020-03-09 16:43:45,105 : Init: HR = 0.1071, NDCG = 0.0496
2020-03-09 16:44:00,373 : Epoch 1: HR = 0.1382, NDCG = 0.0734, loss = 5.6571
2020-03-09 16:44:14,640 : Epoch 2: HR = 0.1313, NDCG = 0.0684, loss = 5.0084
2020-03-09 16:44:29,032 : Epoch 3: HR = 0.1209, NDCG = 0.0629, loss = 4.7381
2020-03-09 16:44:43,375 : Epoch 4: HR = 0.1382, NDCG = 0.0708, loss = 4.5233
2020-03-09 16:44:57,766 : Epoch 5: HR = 0.1382, NDCG = 0.0693, loss = 4.4462
2020-03-09 16:45:12,076 : Epoch 6: HR = 0.1261, NDCG = 0.0629, loss = 4.3263
2020-03-09 16:45:26,468 : Epoch 7: HR = 0.1434, NDCG = 0.0683, loss = 4.1648
2020-03-09 16:45:40,800 : Epoch 8: HR = 0.1537, NDCG = 0.0755, loss = 4.0888
2020-03-09 16:45:55,260 : Epoch 9: HR = 0.1554, NDCG = 0.0816, loss = 4.0465
2020-03-09 16:46:09,678 : Epoch 10: HR = 0.1451, NDCG = 0.0721, loss = 4.0474
2020-03-09 16:46:09,678 : Best epoch 9: HR = 0.1554, NDCG = 0.0816
2020-03-09 16:51:14,402 : start....
2020-03-09 16:56:38,212 : start....
2020-03-09 16:56:53,102 : start....
2020-03-09 16:57:52,789 : start....
2020-03-09 17:00:55,825 : start....
2020-03-09 17:05:37,193 : start....
2020-03-09 17:07:15,247 : start....
2020-03-09 17:07:21,685 : Init: HR = 0.1071, NDCG = 0.0496
2020-03-09 17:07:37,077 : Epoch 1: HR = 0.1364, NDCG = 0.0644, loss = 5.7190
2020-03-09 17:07:51,585 : Epoch 2: HR = 0.1313, NDCG = 0.0643, loss = 5.0671
2020-03-09 17:08:06,215 : Epoch 3: HR = 0.0000, NDCG = 0.0000, loss = nan
2020-03-09 17:08:21,618 : Epoch 4: HR = 0.0000, NDCG = 0.0000, loss = nan
2020-03-09 17:08:36,417 : Epoch 5: HR = 0.0000, NDCG = 0.0000, loss = nan
2020-03-09 17:08:51,464 : Epoch 6: HR = 0.0000, NDCG = 0.0000, loss = nan
2020-03-09 17:09:06,194 : Epoch 7: HR = 0.0000, NDCG = 0.0000, loss = nan
2020-03-09 17:09:21,272 : Epoch 8: HR = 0.0000, NDCG = 0.0000, loss = nan
2020-03-09 17:09:35,956 : Epoch 9: HR = 0.0000, NDCG = 0.0000, loss = nan
2020-03-09 17:09:51,161 : Epoch 10: HR = 0.0000, NDCG = 0.0000, loss = nan
2020-03-09 17:09:51,161 : Best epoch 1: HR = 0.1364, NDCG = 0.0644
2020-03-09 17:12:37,011 : start....
2020-03-09 17:12:43,303 : Init: HR = 0.1071, NDCG = 0.0496
2020-03-09 17:12:58,553 : Epoch 1: HR = 0.1572, NDCG = 0.0771, loss = 5.9143
2020-03-09 17:13:13,061 : Epoch 2: HR = 0.1226, NDCG = 0.0598, loss = 5.2308
2020-03-09 17:13:27,333 : Epoch 3: HR = 0.1313, NDCG = 0.0602, loss = 4.7482
2020-03-09 17:13:42,139 : Epoch 4: HR = 0.1520, NDCG = 0.0711, loss = 4.9215
2020-03-09 17:13:59,058 : Epoch 5: HR = 0.1520, NDCG = 0.0752, loss = 4.6879
2020-03-09 17:14:17,390 : Epoch 6: HR = 0.1416, NDCG = 0.0710, loss = 4.8718
2020-03-09 17:14:34,939 : Epoch 7: HR = 0.1226, NDCG = 0.0627, loss = 4.5425
2020-03-09 17:14:52,089 : Epoch 8: HR = 0.1434, NDCG = 0.0701, loss = 4.4970
2020-03-09 17:15:07,671 : Epoch 9: HR = 0.1416, NDCG = 0.0652, loss = 4.5585
2020-03-09 17:15:22,932 : Epoch 10: HR = 0.1537, NDCG = 0.0724, loss = 4.4202
2020-03-09 17:15:22,932 : Best epoch 1: HR = 0.1572, NDCG = 0.0771
2020-03-10 12:27:45,734 : start....
2020-03-10 12:27:52,518 : Init: HR = 0.1071, NDCG = 0.0496
2020-03-10 12:31:02,995 : start....
2020-03-10 12:31:09,368 : Init: HR = 0.1071, NDCG = 0.0496
2020-03-10 12:31:27,255 : Epoch 1: HR = 0.1416, NDCG = 0.0710, loss = 5.8486
2020-03-10 12:31:43,981 : Epoch 2: HR = 0.1209, NDCG = 0.0548, loss = 5.2259
2020-03-10 12:31:59,546 : Epoch 3: HR = 0.1036, NDCG = 0.0483, loss = 5.1452
2020-03-10 12:32:14,914 : Epoch 4: HR = 0.1157, NDCG = 0.0516, loss = 5.4819
2020-03-10 12:32:31,535 : Epoch 5: HR = 0.1261, NDCG = 0.0622, loss = 5.1207
2020-03-10 12:32:47,127 : Epoch 6: HR = 0.0000, NDCG = 0.0000, loss = nan
2020-03-10 12:33:02,621 : Epoch 7: HR = 0.0000, NDCG = 0.0000, loss = nan
2020-03-10 12:33:18,030 : Epoch 8: HR = 0.0000, NDCG = 0.0000, loss = nan
2020-03-10 12:33:33,964 : Epoch 9: HR = 0.0000, NDCG = 0.0000, loss = nan
2020-03-10 12:33:49,560 : Epoch 10: HR = 0.0000, NDCG = 0.0000, loss = nan
2020-03-10 12:33:49,560 : Best epoch 1: HR = 0.1416, NDCG = 0.0710
2020-03-10 12:38:45,025 : start....
2020-03-10 12:38:51,345 : Init: HR = 0.1071, NDCG = 0.0496
2020-03-10 12:39:08,128 : Epoch 1: HR = 0.1295, NDCG = 0.0735, loss = 5.8390
2020-03-10 12:39:24,025 : Epoch 2: HR = 0.1330, NDCG = 0.0735, loss = 5.1835
2020-03-10 12:39:39,550 : Epoch 3: HR = 0.1364, NDCG = 0.0724, loss = 4.7229
2020-03-10 12:39:55,045 : Epoch 4: HR = 0.1140, NDCG = 0.0502, loss = 4.6453
2020-03-10 12:40:10,378 : Epoch 5: HR = 0.1399, NDCG = 0.0681, loss = 4.5797
2020-03-10 12:40:25,943 : Epoch 6: HR = 0.1416, NDCG = 0.0738, loss = 4.4755
2020-03-10 12:40:41,493 : Epoch 7: HR = 0.1330, NDCG = 0.0669, loss = 4.3576
2020-03-10 12:40:56,772 : Epoch 8: HR = 0.1399, NDCG = 0.0720, loss = 4.3076
2020-03-10 12:41:12,380 : Epoch 9: HR = 0.1313, NDCG = 0.0676, loss = 4.2464
2020-03-10 12:41:27,771 : Epoch 10: HR = 0.1278, NDCG = 0.0601, loss = 4.2063
2020-03-10 12:41:27,772 : Best epoch 6: HR = 0.1416, NDCG = 0.0738
2020-03-10 13:01:22,096 : start....
2020-03-10 13:01:28,318 : Init: HR = 0.1071, NDCG = 0.0496
2020-03-10 13:11:13,464 : start....
2020-03-10 13:12:24,725 : start....
2020-03-16 14:41:13,298 : start....
2020-03-16 14:41:29,492 : start....
2020-03-16 14:41:36,599 : Init: HR = 0.1071, NDCG = 0.0496
2020-03-16 14:42:47,830 : start....
2020-03-16 14:51:41,212 : start....
